<?xml version="1.0" encoding="UTF-8"?>
<!-- Generated by org.testng.reporters.JUnitReportReporter -->
<testsuite hostname="LAPTOP-UG5S8S2B" failures="0" tests="1" name="com.NetBankingV1.testCases.TC_AddCustomerTest_003" time="20.811" errors="0" timestamp="2021-04-13T12:28:17 IST" skipped="0">
  <testcase classname="com.NetBankingV1.testCases.TC_AddCustomerTest_003" name="addNewCustomer" time="20.811"/>
  <system-out/>
</testsuite> <!-- com.NetBankingV1.testCases.TC_AddCustomerTest_003 -->
