<?xml version="1.0" encoding="UTF-8"?>
<!-- Generated by org.testng.reporters.JUnitReportReporter -->
<testsuite hostname="LAPTOP-UG5S8S2B" failures="0" tests="1" name="com.NetBankingV1.testCases.TC_LoginTest_001" time="4.621" errors="0" timestamp="2021-04-13T12:33:14 IST" skipped="0">
  <testcase classname="com.NetBankingV1.testCases.TC_LoginTest_001" name="loginTest" time="4.621"/>
  <system-out/>
</testsuite> <!-- com.NetBankingV1.testCases.TC_LoginTest_001 -->
